\BOOKMARK [0][-]{chapter.1}{gemoda Directory Documentation}{}
\BOOKMARK [1][-]{section.1.1}{FastaSeqIO/ Directory Reference}{chapter.1}
\BOOKMARK [0][-]{chapter.2}{gemoda Data Structure Documentation}{}
\BOOKMARK [1][-]{section.2.1}{bitGraph\137t Struct Reference}{chapter.2}
\BOOKMARK [1][-]{section.2.2}{bitSet\137t Struct Reference}{chapter.2}
\BOOKMARK [1][-]{section.2.3}{cnode Struct Reference}{chapter.2}
\BOOKMARK [1][-]{section.2.4}{cSet\137t Struct Reference}{chapter.2}
\BOOKMARK [1][-]{section.2.5}{fSeq\137t Struct Reference}{chapter.2}
\BOOKMARK [1][-]{section.2.6}{mnode Struct Reference}{chapter.2}
\BOOKMARK [1][-]{section.2.7}{rdh\137t Struct Reference}{chapter.2}
\BOOKMARK [1][-]{section.2.8}{sHash\137t Struct Reference}{chapter.2}
\BOOKMARK [1][-]{section.2.9}{sHashEntry\137t Struct Reference}{chapter.2}
\BOOKMARK [1][-]{section.2.10}{sOffset\137t Struct Reference}{chapter.2}
\BOOKMARK [1][-]{section.2.11}{sPat\137t Struct Reference}{chapter.2}
\BOOKMARK [1][-]{section.2.12}{sSize\137t Struct Reference}{chapter.2}
\BOOKMARK [0][-]{chapter.3}{gemoda File Documentation}{}
\BOOKMARK [1][-]{section.3.1}{align.c File Reference}{chapter.3}
\BOOKMARK [1][-]{section.3.2}{bitSet.c File Reference}{chapter.3}
\BOOKMARK [1][-]{section.3.3}{bitSet.h File Reference}{chapter.3}
\BOOKMARK [1][-]{section.3.4}{convll.c File Reference}{chapter.3}
\BOOKMARK [1][-]{section.3.5}{convll.h File Reference}{chapter.3}
\BOOKMARK [1][-]{section.3.6}{FastaSeqIO/fastaSeqIO.c File Reference}{chapter.3}
\BOOKMARK [1][-]{section.3.7}{FastaSeqIO/fastaSeqIO.h File Reference}{chapter.3}
\BOOKMARK [1][-]{section.3.8}{gemoda-r.c File Reference}{chapter.3}
\BOOKMARK [1][-]{section.3.9}{gemoda-s.c File Reference}{chapter.3}
\BOOKMARK [1][-]{section.3.10}{matdata.h File Reference}{chapter.3}
\BOOKMARK [1][-]{section.3.11}{matrices.c File Reference}{chapter.3}
\BOOKMARK [1][-]{section.3.12}{matrices.h File Reference}{chapter.3}
\BOOKMARK [1][-]{section.3.13}{matrixmap.h File Reference}{chapter.3}
\BOOKMARK [1][-]{section.3.14}{newConv.c File Reference}{chapter.3}
\BOOKMARK [1][-]{section.3.15}{patStats.c File Reference}{chapter.3}
\BOOKMARK [1][-]{section.3.16}{patStats.h File Reference}{chapter.3}
\BOOKMARK [1][-]{section.3.17}{realCompare.c File Reference}{chapter.3}
\BOOKMARK [1][-]{section.3.18}{realCompare.h File Reference}{chapter.3}
\BOOKMARK [1][-]{section.3.19}{realIo.c File Reference}{chapter.3}
\BOOKMARK [1][-]{section.3.20}{realIo.h File Reference}{chapter.3}
\BOOKMARK [1][-]{section.3.21}{spat.h File Reference}{chapter.3}
\BOOKMARK [1][-]{section.3.22}{words.c File Reference}{chapter.3}
